0 info it worked if it ends with ok
1 verbose cli [ '/usr/libexec/openshift/cartridges/c9-0.1/root/bin/node-openshift-v10',
1 verbose cli   '/usr/libexec/openshift/cartridges/c9-0.1/root/lib-0.10/node_modules/npm/bin/npm-cli.js',
1 verbose cli   'install',
1 verbose cli   'msnodesql' ]
2 info using npm@1.3.8
3 info using node@v0.10.22
4 verbose cache add [ 'msnodesql', null ]
5 verbose cache add name=undefined spec="msnodesql" args=["msnodesql",null]
6 verbose parsed url { protocol: null,
6 verbose parsed url   slashes: null,
6 verbose parsed url   auth: null,
6 verbose parsed url   host: null,
6 verbose parsed url   port: null,
6 verbose parsed url   hostname: null,
6 verbose parsed url   hash: null,
6 verbose parsed url   search: null,
6 verbose parsed url   query: null,
6 verbose parsed url   pathname: 'msnodesql',
6 verbose parsed url   path: 'msnodesql',
6 verbose parsed url   href: 'msnodesql' }
7 silly lockFile 36f1ebb8-msnodesql msnodesql
8 verbose lock msnodesql /var/lib/openshift/532779c4e0b8cd33b000038d/app-root/data/.npm/36f1ebb8-msnodesql.lock
9 silly lockFile 36f1ebb8-msnodesql msnodesql
10 silly lockFile 36f1ebb8-msnodesql msnodesql
11 verbose addNamed [ 'msnodesql', '' ]
12 verbose addNamed [ null, '*' ]
13 silly lockFile 0cd57691-msnodesql msnodesql@
14 verbose lock msnodesql@ /var/lib/openshift/532779c4e0b8cd33b000038d/app-root/data/.npm/0cd57691-msnodesql.lock
15 silly addNameRange { name: 'msnodesql', range: '*', hasData: false }
16 verbose url raw msnodesql
17 verbose url resolving [ 'https://registry.npmjs.org/', './msnodesql' ]
18 verbose url resolved https://registry.npmjs.org/msnodesql
19 info trying registry request attempt 1 at 15:59:47
20 http GET https://registry.npmjs.org/msnodesql
21 http 200 https://registry.npmjs.org/msnodesql
22 silly registry.get cb [ 200,
22 silly registry.get   { date: 'Fri, 21 Mar 2014 19:59:47 GMT',
22 silly registry.get     server: 'CouchDB/1.5.0 (Erlang OTP/R14B04)',
22 silly registry.get     etag: '"EGB2ETJ2TCEKQ7H98SPMGFRJB"',
22 silly registry.get     'content-type': 'application/json',
22 silly registry.get     via: '1.1 varnish',
22 silly registry.get     'cache-control': 'max-age=1',
22 silly registry.get     'content-length': '14860',
22 silly registry.get     'accept-ranges': 'bytes',
22 silly registry.get     age: '660',
22 silly registry.get     'x-served-by': 'cache-v42-ASH, cache-at50-ATL',
22 silly registry.get     'x-cache': 'MISS, MISS',
22 silly registry.get     'x-cache-hits': '0, 0',
22 silly registry.get     'x-timer': 'S1395431987.381934881,VS0,VS-64,VE39,VE117',
22 silly registry.get     vary: 'Accept',
22 silly registry.get     'keep-alive': 'timeout=10, max=50',
22 silly registry.get     connection: 'Keep-Alive' } ]
23 silly addNameRange number 2 { name: 'msnodesql', range: '*', hasData: true }
24 silly addNameRange versions [ 'msnodesql', [ '0.1.0', '0.2.0', '0.2.1' ] ]
25 verbose addNamed [ 'msnodesql', '0.2.1' ]
26 verbose addNamed [ '0.2.1', '0.2.1' ]
27 silly lockFile 4e0afecd-msnodesql-0-2-1 msnodesql@0.2.1
28 verbose lock msnodesql@0.2.1 /var/lib/openshift/532779c4e0b8cd33b000038d/app-root/data/.npm/4e0afecd-msnodesql-0-2-1.lock
29 silly lockFile 02dc1593-rg-msnodesql-msnodesql-0-2-1-tgz https://registry.npmjs.org/msnodesql/-/msnodesql-0.2.1.tgz
30 verbose lock https://registry.npmjs.org/msnodesql/-/msnodesql-0.2.1.tgz /var/lib/openshift/532779c4e0b8cd33b000038d/app-root/data/.npm/02dc1593-rg-msnodesql-msnodesql-0-2-1-tgz.lock
31 verbose addRemoteTarball [ 'https://registry.npmjs.org/msnodesql/-/msnodesql-0.2.1.tgz',
31 verbose addRemoteTarball   '3ce8ade4a8c016a9aa9f942810135a73c0f2c8eb' ]
32 info retry fetch attempt 1 at 15:59:47
33 verbose fetch to= /tmp/npm-469531-bz-v7l8E/1395431987538-0.8207467617467046/tmp.tgz
34 http GET https://registry.npmjs.org/msnodesql/-/msnodesql-0.2.1.tgz
35 http 200 https://registry.npmjs.org/msnodesql/-/msnodesql-0.2.1.tgz
36 verbose tar unpack /tmp/npm-469531-bz-v7l8E/1395431987538-0.8207467617467046/tmp.tgz
37 silly lockFile e9b6d4b0-87538-0-8207467617467046-package tar:///tmp/npm-469531-bz-v7l8E/1395431987538-0.8207467617467046/package
38 verbose lock tar:///tmp/npm-469531-bz-v7l8E/1395431987538-0.8207467617467046/package /var/lib/openshift/532779c4e0b8cd33b000038d/app-root/data/.npm/e9b6d4b0-87538-0-8207467617467046-package.lock
39 silly lockFile 8978b483-87538-0-8207467617467046-tmp-tgz tar:///tmp/npm-469531-bz-v7l8E/1395431987538-0.8207467617467046/tmp.tgz
40 verbose lock tar:///tmp/npm-469531-bz-v7l8E/1395431987538-0.8207467617467046/tmp.tgz /var/lib/openshift/532779c4e0b8cd33b000038d/app-root/data/.npm/8978b483-87538-0-8207467617467046-tmp-tgz.lock
41 silly gunzTarPerm modes [ '755', '644' ]
42 silly gunzTarPerm extractEntry package.json
43 silly gunzTarPerm extractEntry .npmignore
44 silly gunzTarPerm extractEntry README.md
45 silly gunzTarPerm extractEntry LICENSE
46 silly gunzTarPerm extractEntry key
47 silly gunzTarPerm extractEntry lib/sql.js
48 silly gunzTarPerm extractEntry lib/sqlserver.native.js
49 silly gunzTarPerm extractEntry binding.gyp
50 silly gunzTarPerm extractEntry CONTRIBUTORS
51 silly gunzTarPerm extractEntry CONTRIBUTING.md
52 silly gunzTarPerm extractEntry scripts/install.js
53 silly gunzTarPerm extractEntry src/OdbcHandle.h
54 silly gunzTarPerm extractEntry src/Column.cpp
55 silly gunzTarPerm extractEntry src/Connection.cpp
56 silly gunzTarPerm extractEntry src/Connection.h
57 silly gunzTarPerm extractEntry src/CriticalSection.h
58 silly gunzTarPerm extractEntry src/OdbcConnection.cpp
59 silly gunzTarPerm extractEntry src/OdbcConnection.h
60 silly gunzTarPerm extractEntry src/OdbcConnectionBridge.h
61 silly gunzTarPerm extractEntry src/OdbcError.cpp
62 silly gunzTarPerm extractEntry src/OdbcError.h
63 silly gunzTarPerm extractEntry src/Column.h
64 silly gunzTarPerm extractEntry src/OdbcOperation.cpp
65 silly gunzTarPerm extractEntry src/OdbcOperation.h
66 silly gunzTarPerm extractEntry src/Operation.h
67 silly gunzTarPerm extractEntry src/ResultSet.cpp
68 silly gunzTarPerm extractEntry src/ResultSet.h
69 silly gunzTarPerm extractEntry src/sqlncli.h
70 silly gunzTarPerm extractEntry src/stdafx.cpp
71 silly gunzTarPerm extractEntry src/stdafx.h
72 silly gunzTarPerm extractEntry src/Utility.cpp
73 silly gunzTarPerm extractEntry src/Utility.h
74 silly gunzTarPerm extractEntry test/CommonTestFunctions.js
75 silly gunzTarPerm extractEntry test/connect.js
76 silly gunzTarPerm extractEntry test/datatypes.js
77 silly gunzTarPerm extractEntry test/dates.js
78 silly gunzTarPerm extractEntry test/compoundqueries.js
79 silly gunzTarPerm extractEntry test/query.js
80 silly gunzTarPerm extractEntry test/runtests.js
81 silly gunzTarPerm extractEntry test/test-config.js
82 silly gunzTarPerm extractEntry test/txn.js
83 silly gunzTarPerm extractEntry test/params.js
84 silly gunzTarPerm extractEntry test/testlist.txt
85 silly lockFile e9b6d4b0-87538-0-8207467617467046-package tar:///tmp/npm-469531-bz-v7l8E/1395431987538-0.8207467617467046/package
86 silly lockFile e9b6d4b0-87538-0-8207467617467046-package tar:///tmp/npm-469531-bz-v7l8E/1395431987538-0.8207467617467046/package
87 silly lockFile 8978b483-87538-0-8207467617467046-tmp-tgz tar:///tmp/npm-469531-bz-v7l8E/1395431987538-0.8207467617467046/tmp.tgz
88 silly lockFile 8978b483-87538-0-8207467617467046-tmp-tgz tar:///tmp/npm-469531-bz-v7l8E/1395431987538-0.8207467617467046/tmp.tgz
89 verbose tar pack [ '/var/lib/openshift/532779c4e0b8cd33b000038d/app-root/data/.npm/msnodesql/0.2.1/package.tgz',
89 verbose tar pack   '/tmp/npm-469531-bz-v7l8E/1395431987538-0.8207467617467046/package' ]
90 verbose tarball /var/lib/openshift/532779c4e0b8cd33b000038d/app-root/data/.npm/msnodesql/0.2.1/package.tgz
91 verbose folder /tmp/npm-469531-bz-v7l8E/1395431987538-0.8207467617467046/package
92 silly lockFile e9b6d4b0-87538-0-8207467617467046-package tar:///tmp/npm-469531-bz-v7l8E/1395431987538-0.8207467617467046/package
93 verbose lock tar:///tmp/npm-469531-bz-v7l8E/1395431987538-0.8207467617467046/package /var/lib/openshift/532779c4e0b8cd33b000038d/app-root/data/.npm/e9b6d4b0-87538-0-8207467617467046-package.lock
94 silly lockFile f8b95b1d--npm-msnodesql-0-2-1-package-tgz tar:///var/lib/openshift/532779c4e0b8cd33b000038d/app-root/data/.npm/msnodesql/0.2.1/package.tgz
95 verbose lock tar:///var/lib/openshift/532779c4e0b8cd33b000038d/app-root/data/.npm/msnodesql/0.2.1/package.tgz /var/lib/openshift/532779c4e0b8cd33b000038d/app-root/data/.npm/f8b95b1d--npm-msnodesql-0-2-1-package-tgz.lock
96 silly lockFile e9b6d4b0-87538-0-8207467617467046-package tar:///tmp/npm-469531-bz-v7l8E/1395431987538-0.8207467617467046/package
97 silly lockFile e9b6d4b0-87538-0-8207467617467046-package tar:///tmp/npm-469531-bz-v7l8E/1395431987538-0.8207467617467046/package
98 silly lockFile f8b95b1d--npm-msnodesql-0-2-1-package-tgz tar:///var/lib/openshift/532779c4e0b8cd33b000038d/app-root/data/.npm/msnodesql/0.2.1/package.tgz
99 silly lockFile f8b95b1d--npm-msnodesql-0-2-1-package-tgz tar:///var/lib/openshift/532779c4e0b8cd33b000038d/app-root/data/.npm/msnodesql/0.2.1/package.tgz
100 silly lockFile 63f8be14-data-npm-msnodesql-0-2-1-package /var/lib/openshift/532779c4e0b8cd33b000038d/app-root/data/.npm/msnodesql/0.2.1/package
101 verbose lock /var/lib/openshift/532779c4e0b8cd33b000038d/app-root/data/.npm/msnodesql/0.2.1/package /var/lib/openshift/532779c4e0b8cd33b000038d/app-root/data/.npm/63f8be14-data-npm-msnodesql-0-2-1-package.lock
102 silly lockFile 63f8be14-data-npm-msnodesql-0-2-1-package /var/lib/openshift/532779c4e0b8cd33b000038d/app-root/data/.npm/msnodesql/0.2.1/package
103 silly lockFile 63f8be14-data-npm-msnodesql-0-2-1-package /var/lib/openshift/532779c4e0b8cd33b000038d/app-root/data/.npm/msnodesql/0.2.1/package
104 verbose tar unpack /var/lib/openshift/532779c4e0b8cd33b000038d/app-root/data/.npm/msnodesql/0.2.1/package.tgz
105 silly lockFile 8fc37379-data-npm-msnodesql-0-2-1-package tar:///var/lib/openshift/532779c4e0b8cd33b000038d/app-root/data/.npm/msnodesql/0.2.1/package
106 verbose lock tar:///var/lib/openshift/532779c4e0b8cd33b000038d/app-root/data/.npm/msnodesql/0.2.1/package /var/lib/openshift/532779c4e0b8cd33b000038d/app-root/data/.npm/8fc37379-data-npm-msnodesql-0-2-1-package.lock
107 silly lockFile f8b95b1d--npm-msnodesql-0-2-1-package-tgz tar:///var/lib/openshift/532779c4e0b8cd33b000038d/app-root/data/.npm/msnodesql/0.2.1/package.tgz
108 verbose lock tar:///var/lib/openshift/532779c4e0b8cd33b000038d/app-root/data/.npm/msnodesql/0.2.1/package.tgz /var/lib/openshift/532779c4e0b8cd33b000038d/app-root/data/.npm/f8b95b1d--npm-msnodesql-0-2-1-package-tgz.lock
109 silly gunzTarPerm modes [ '755', '644' ]
110 silly gunzTarPerm extractEntry package.json
111 silly gunzTarPerm extractEntry .npmignore
112 silly gunzTarPerm extractEntry README.md
113 silly gunzTarPerm extractEntry LICENSE
114 silly gunzTarPerm extractEntry CONTRIBUTORS
115 silly gunzTarPerm extractEntry binding.gyp
116 silly gunzTarPerm extractEntry CONTRIBUTING.md
117 silly gunzTarPerm extractEntry lib/sql.js
118 silly gunzTarPerm extractEntry lib/sqlserver.native.js
119 silly gunzTarPerm extractEntry test/CommonTestFunctions.js
120 silly gunzTarPerm extractEntry test/connect.js
121 silly gunzTarPerm extractEntry test/datatypes.js
122 silly gunzTarPerm extractEntry test/dates.js
123 silly gunzTarPerm extractEntry test/compoundqueries.js
124 silly gunzTarPerm extractEntry test/query.js
125 silly gunzTarPerm extractEntry test/runtests.js
126 silly gunzTarPerm extractEntry test/test-config.js
127 silly gunzTarPerm extractEntry test/txn.js
128 silly gunzTarPerm extractEntry test/params.js
129 silly gunzTarPerm extractEntry test/testlist.txt
130 silly gunzTarPerm extractEntry scripts/install.js
131 silly gunzTarPerm extractEntry src/OdbcHandle.h
132 silly gunzTarPerm extractEntry src/Column.cpp
133 silly gunzTarPerm extractEntry src/Connection.cpp
134 silly gunzTarPerm extractEntry src/Connection.h
135 silly gunzTarPerm extractEntry src/CriticalSection.h
136 silly gunzTarPerm extractEntry src/OdbcConnection.cpp
137 silly gunzTarPerm extractEntry src/OdbcConnection.h
138 silly gunzTarPerm extractEntry src/OdbcConnectionBridge.h
139 silly gunzTarPerm extractEntry src/OdbcError.cpp
140 silly gunzTarPerm extractEntry src/OdbcError.h
141 silly gunzTarPerm extractEntry src/Column.h
142 silly gunzTarPerm extractEntry src/OdbcOperation.cpp
143 silly gunzTarPerm extractEntry src/OdbcOperation.h
144 silly gunzTarPerm extractEntry src/Operation.h
145 silly gunzTarPerm extractEntry src/ResultSet.cpp
146 silly gunzTarPerm extractEntry src/ResultSet.h
147 silly gunzTarPerm extractEntry src/Utility.cpp
148 silly gunzTarPerm extractEntry src/Utility.h
149 silly gunzTarPerm extractEntry src/sqlncli.h
150 silly gunzTarPerm extractEntry src/stdafx.cpp
151 silly gunzTarPerm extractEntry src/stdafx.h
152 silly gunzTarPerm extractEntry key
153 silly lockFile 8fc37379-data-npm-msnodesql-0-2-1-package tar:///var/lib/openshift/532779c4e0b8cd33b000038d/app-root/data/.npm/msnodesql/0.2.1/package
154 silly lockFile 8fc37379-data-npm-msnodesql-0-2-1-package tar:///var/lib/openshift/532779c4e0b8cd33b000038d/app-root/data/.npm/msnodesql/0.2.1/package
155 silly lockFile f8b95b1d--npm-msnodesql-0-2-1-package-tgz tar:///var/lib/openshift/532779c4e0b8cd33b000038d/app-root/data/.npm/msnodesql/0.2.1/package.tgz
156 silly lockFile f8b95b1d--npm-msnodesql-0-2-1-package-tgz tar:///var/lib/openshift/532779c4e0b8cd33b000038d/app-root/data/.npm/msnodesql/0.2.1/package.tgz
157 verbose chmod /var/lib/openshift/532779c4e0b8cd33b000038d/app-root/data/.npm/msnodesql/0.2.1/package.tgz 644
158 verbose chown /var/lib/openshift/532779c4e0b8cd33b000038d/app-root/data/.npm/msnodesql/0.2.1/package.tgz [ 5501, 5501 ]
159 silly lockFile 02dc1593-rg-msnodesql-msnodesql-0-2-1-tgz https://registry.npmjs.org/msnodesql/-/msnodesql-0.2.1.tgz
160 silly lockFile 02dc1593-rg-msnodesql-msnodesql-0-2-1-tgz https://registry.npmjs.org/msnodesql/-/msnodesql-0.2.1.tgz
161 silly lockFile 4e0afecd-msnodesql-0-2-1 msnodesql@0.2.1
162 silly lockFile 4e0afecd-msnodesql-0-2-1 msnodesql@0.2.1
163 silly lockFile 0cd57691-msnodesql msnodesql@
164 silly lockFile 0cd57691-msnodesql msnodesql@
165 silly resolved [ { name: 'msnodesql',
165 silly resolved     description: 'Microsoft Driver for Node.js for SQL Server',
165 silly resolved     author: { name: 'Microsoft Corp.' },
165 silly resolved     contributors: [ [Object], [Object], [Object], [Object], [Object] ],
165 silly resolved     version: '0.2.1',
165 silly resolved     keywords:
165 silly resolved      [ 'sql',
165 silly resolved        'database',
165 silly resolved        'mssql',
165 silly resolved        'azure',
165 silly resolved        'sqlserver',
165 silly resolved        'tds',
165 silly resolved        'microsoft',
165 silly resolved        'msnodesql',
165 silly resolved        'node-sqlserver' ],
165 silly resolved     homepage: 'https://github.com/WindowsAzure/node-sqlserver',
165 silly resolved     bugs: { url: 'https://github.com/WindowsAzure/node-sqlserver/issues' },
165 silly resolved     licenses: [ [Object] ],
165 silly resolved     main: './lib/sql.js',
165 silly resolved     repository:
165 silly resolved      { type: 'git',
165 silly resolved        url: 'git://github.com/WindowsAzure/node-sqlserver.git' },
165 silly resolved     engines: { node: '>=0.6' },
165 silly resolved     devDependencies: { mocha: '0.14.x', async: '0.1.x' },
165 silly resolved     os: [ 'win32' ],
165 silly resolved     scripts: { install: 'node scripts/install.js' },
165 silly resolved     readme: '# Microsoft Driver for Node.js for SQL Server\r\n\r\nThe Microsoft Driver for Node.js for SQL Server allows Node.js applications on\r\nMicrosoft Windows and Microsoft Windows Azure to access Microsoft SQL Server \r\nand Microsoft Windows Azure SQL Database.\r\n\r\nThis is an initial preview release, and is not production ready. We welcome any\r\nfeedback, fixes and contributions from the community at this very early stage.\r\n\r\n## Prerequisites\r\n\r\nThe following prerequisites are necessary prior to using the driver:\r\n\r\n* Node.js - use the latest version if possible, but it has been tested on node\r\n0.6.10 and later\r\n\r\n* node-gyp - latest version installed globally (npm install -g node-gyp)\r\n\r\n* python 2.7.x - for node-gyp (make sure it is in the path)\r\n\r\n* Visual C++ 2010 - the Express edition is freely available from \r\n[Microsoft][visualstudio]\r\n\r\n* SQL Server Native Client 11.0 - available as Microsoft SQL Server 2012 \r\nNative Client found in the [SQL Server 2012 Feature Pack][sqlncli]\r\n\r\n## Build\r\n\r\nTo build the driver, first node-gyp must configure the appropriate build files.\r\n\r\n    node-gyp configure\r\n\r\nUse node-gyp to build the driver:\r\n\r\n    node-gyp build\r\n\r\nOr to build the debug version:\r\n\r\n    node-gyp build --debug\r\n\r\nThen copy the sqlserver.node file from the build\\\\(Release|Debug) directory to\r\nthe lib directory.  If you would like to use Visual C++ to debug the driver,\r\nalso copy the sqlserver.pdb file from the same directory.\r\n\r\n## Test\r\n\r\nIncluded are a few unit tests.  They require mocha, async, and assert to be \r\ninstalled via npm.  Also, set the variables in test-config.js, then run the \r\ntests as follows:\r\n\r\n    cd test\r\n    node runtests.js\r\n\r\n## Known Issues\r\n\r\nWe are aware that many features are still not implemented, and are working to\r\nupdate these. Please visit the [project on Github][project] to view \r\noutstanding [issues][issues].\r\n\r\n## Usage\r\n\r\nFor now, please see the unit tests for usage examples.\r\n\r\n## Contribute Code\r\n\r\nIf you would like to become an active contributor to this project please follow the instructions provided in [the Contribution Guidelines][contribute].\r\n\r\n## License\r\n\r\nThe Microsoft Driver for Node.js for SQL Server is licensed under the Apache\r\n2.0 license.  See the LICENSE file for more details.\r\n\r\n[visualstudio]: http://www.microsoft.com/visualstudio/\r\n\r\n[sqlncli]: http://www.microsoft.com/en-us/download/details.aspx?id=29065\r\n\r\n[project]: https://github.com/windowsazure/node-sqlserver\r\n\r\n[issues]: https://github.com/windowsazure/node-sqlserver/issues\r\n\r\n[contribute]: https://github.com/WindowsAzure/node-sqlserver/blob/master/CONTRIBUTING.md\r\n\r\n\r\n\r\n',
165 silly resolved     readmeFilename: 'README.md',
165 silly resolved     _id: 'msnodesql@0.2.1',
165 silly resolved     dist: { shasum: 'a3100ebfb07accbfa106fd81450173d14619679c' },
165 silly resolved     _from: 'msnodesql@',
165 silly resolved     _resolved: 'https://registry.npmjs.org/msnodesql/-/msnodesql-0.2.1.tgz' } ]
166 info install msnodesql@0.2.1 into /var/lib/stickshift/532779c4e0b8cd33b000038d/app-root/data/804255/dice-site/CrudeSite
167 info installOne msnodesql@0.2.1
168 error notsup Unsupported
168 error notsup Not compatible with your operating system or architecture: msnodesql@0.2.1
168 error notsup Valid OS:    win32
168 error notsup Valid Arch:  any
168 error notsup Actual OS:   linux
168 error notsup Actual Arch: x64
169 error System Linux 2.6.32-431.3.1.el6oso.bz844450v4.x86_64
170 error command "/usr/libexec/openshift/cartridges/c9-0.1/root/bin/node-openshift-v10" "/usr/libexec/openshift/cartridges/c9-0.1/root/lib-0.10/node_modules/npm/bin/npm-cli.js" "install" "msnodesql"
171 error cwd /var/lib/stickshift/532779c4e0b8cd33b000038d/app-root/data/804255/dice-site/CrudeSite
172 error node -v v0.10.22
173 error npm -v 1.3.8
174 error code EBADPLATFORM
175 verbose exit [ 1, true ]
